<?xml version="1.0" encoding="UTF-8"?>
<testsuite name="chapter1.UniqueCharsTest" tests="2" skipped="0" failures="0" errors="0" timestamp="2015-12-01T19:04:32" hostname="iwans-MBP.home" time="0.002">
  <properties/>
  <testcase name="testUniqueChars" classname="chapter1.UniqueCharsTest" time="0.001"/>
  <testcase name="testNonUniqueChars" classname="chapter1.UniqueCharsTest" time="0.0"/>
  <system-out><![CDATA[]]></system-out>
  <system-err><![CDATA[]]></system-err>
</testsuite>
