<?xml version="1.0" encoding="UTF-8"?>
<testsuite name="course.CourseHelperTest" tests="1" skipped="0" failures="0" errors="0" timestamp="2015-12-01T19:04:32" hostname="iwans-MBP.home" time="0.001">
  <properties/>
  <testcase name="getCourseListTest" classname="course.CourseHelperTest" time="0.001"/>
  <system-out><![CDATA[]]></system-out>
  <system-err><![CDATA[]]></system-err>
</testsuite>
